#
# There is insufficient memory for the Java Runtime Environment to continue.
# Native memory allocation (malloc) failed to allocate 1048576 bytes for AllocateHeap
# Possible reasons:
#   The system is out of physical RAM or swap space
#   The process is running with CompressedOops enabled, and the Java Heap may be blocking the growth of the native heap
# Possible solutions:
#   Reduce memory load on the system
#   Increase physical memory or swap space
#   Check if swap backing store is full
#   Decrease Java heap size (-Xmx/-Xms)
#   Decrease number of Java threads
#   Decrease Java thread stack sizes (-Xss)
#   Set larger code cache with -XX:ReservedCodeCacheSize=
#   JVM is running with Zero Based Compressed Oops mode in which the Java heap is
#     placed in the first 32GB address space. The Java Heap base address is the
#     maximum limit for the native heap growth. Please use -XX:HeapBaseMinAddress
#     to set the Java Heap base and to place the Java Heap above 32GB virtual address.
# This output file may be truncated or incomplete.
#
#  Out of Memory Error (memory/allocation.inline.hpp:61), pid=5188, tid=0x0000000000005208
#
# JRE version:  (8.0_311-b11) (build )
# Java VM: Java HotSpot(TM) 64-Bit Server VM (25.311-b11 mixed mode windows-amd64 compressed oops)
# Failed to write core dump. Minidumps are not enabled by default on client versions of Windows
#

---------------  T H R E A D  ---------------

Current thread (0x0000025781211800):  JavaThread "Unknown thread" [_thread_in_vm, id=21000, stack(0x000000d294000000,0x000000d294100000)]

Stack: [0x000000d294000000,0x000000d294100000]
Native frames: (J=compiled Java code, j=interpreted, Vv=VM code, C=native code)
V  [jvm.dll+0x32f239]
V  [jvm.dll+0x275882]
V  [jvm.dll+0x27652d]
V  [jvm.dll+0x26cf65]
V  [jvm.dll+0x509d]
V  [jvm.dll+0x3d38e3]
V  [jvm.dll+0x3d42f8]
V  [jvm.dll+0xfce3f]
V  [jvm.dll+0x20a21b]
V  [jvm.dll+0x238c47]
V  [jvm.dll+0x1628e6]
C  [java.exe+0x2312]
C  [java.exe+0x15f54]
C  [KERNEL32.DLL+0x17034]
C  [ntdll.dll+0x52651]


---------------  P R O C E S S  ---------------

Java Threads: ( => current thread )

Other Threads:

=>0x0000025781211800 (exited) JavaThread "Unknown thread" [_thread_in_vm, id=21000, stack(0x000000d294000000,0x000000d294100000)]

VM state:not at safepoint (normal execution)

VM Mutex/Monitor currently owned by a thread: None

heap address: 0x00000006c2200000, size: 4062 MB, Compressed Oops mode: Zero based, Oop shift amount: 3
Narrow klass base: 0x0000000000000000, Narrow klass shift: 3
Compressed class space size: 1073741824 Address: 0x00000007c0000000

Heap:
 PSYoungGen      total 75776K, used 1300K [0x000000076b600000, 0x0000000770a80000, 0x00000007c0000000)
  eden space 65024K, 2% used [0x000000076b600000,0x000000076b7451f8,0x000000076f580000)
  from space 10752K, 0% used [0x0000000770000000,0x0000000770000000,0x0000000770a80000)
  to   space 10752K, 0% used [0x000000076f580000,0x000000076f580000,0x0000000770000000)
 ParOldGen       total 173568K, used 0K [0x00000006c2200000, 0x00000006ccb80000, 0x000000076b600000)
  object space 173568K, 0% used [0x00000006c2200000,0x00000006c2200000,0x00000006ccb80000)
 Metaspace       used 778K, capacity 4480K, committed 4480K, reserved 1056768K
  class space    used 76K, capacity 384K, committed 384K, reserved 1048576K

Card table byte_map: [0x0000025791e60000,0x0000025792650000] byte_map_base: 0x000002578e84f000

Marking Bits: (ParMarkBitMap*) 0x000000006e048030
 Begin Bits: [0x0000025792ba0000, 0x0000025796b18000)
 End Bits:   [0x0000025796b18000, 0x000002579aa90000)

Polling page: 0x00000257811c0000

CodeCache: size=245760Kb used=329Kb max_used=329Kb free=245430Kb
 bounds [0x0000025782aa0000, 0x0000025782d10000, 0x0000025791aa0000]
 total_blobs=58 nmethods=0 adapters=38
 compilation: enabled

Compilation events (0 events):
No events

GC Heap History (0 events):
No events

Deoptimization events (0 events):
No events

Classes redefined (0 events):
No events

Internal exceptions (0 events):
No events

Events (10 events):
Event: 0.046 loading class java/lang/Short
Event: 0.046 loading class java/lang/Short done
Event: 0.046 loading class java/lang/Integer
Event: 0.046 loading class java/lang/Integer done
Event: 0.046 loading class java/lang/Long
Event: 0.046 loading class java/lang/Long done
Event: 0.047 loading class java/lang/NullPointerException
Event: 0.047 loading class java/lang/NullPointerException done
Event: 0.047 loading class java/lang/ArithmeticException
Event: 0.047 loading class java/lang/ArithmeticException done


Dynamic libraries:
0x00007ff6186d0000 - 0x00007ff618717000 	C:\Program Files\Java\jdk1.8.0_311\bin\java.exe
0x00007fffc88b0000 - 0x00007fffc8aa5000 	C:\WINDOWS\SYSTEM32\ntdll.dll
0x00007fffc81d0000 - 0x00007fffc828d000 	C:\WINDOWS\System32\KERNEL32.DLL
0x00007fffc60c0000 - 0x00007fffc638d000 	C:\WINDOWS\System32\KERNELBASE.dll
0x00007fffc6a20000 - 0x00007fffc6ace000 	C:\WINDOWS\System32\ADVAPI32.dll
0x00007fffc7930000 - 0x00007fffc79ce000 	C:\WINDOWS\System32\msvcrt.dll
0x00007fffc8130000 - 0x00007fffc81cc000 	C:\WINDOWS\System32\sechost.dll
0x00007fffc7730000 - 0x00007fffc7855000 	C:\WINDOWS\System32\RPCRT4.dll
0x00007fffc6b30000 - 0x00007fffc6cd0000 	C:\WINDOWS\System32\USER32.dll
0x00007fffc5ff0000 - 0x00007fffc6012000 	C:\WINDOWS\System32\win32u.dll
0x00007fffc6d80000 - 0x00007fffc6daa000 	C:\WINDOWS\System32\GDI32.dll
0x00007fffc63e0000 - 0x00007fffc64eb000 	C:\WINDOWS\System32\gdi32full.dll
0x00007fffc6020000 - 0x00007fffc60bd000 	C:\WINDOWS\System32\msvcp_win.dll
0x00007fffc6650000 - 0x00007fffc6750000 	C:\WINDOWS\System32\ucrtbase.dll
0x00007fffb0d10000 - 0x00007fffb0faa000 	C:\WINDOWS\WinSxS\amd64_microsoft.windows.common-controls_6595b64144ccf1df_6.0.19041.1110_none_60b5254171f9507e\COMCTL32.dll
0x00007fffc7590000 - 0x00007fffc75c0000 	C:\WINDOWS\System32\IMM32.DLL
0x00007fffbf9f0000 - 0x00007fffbfa05000 	C:\Program Files\Java\jdk1.8.0_311\jre\bin\vcruntime140.dll
0x00007fff84890000 - 0x00007fff8492b000 	C:\Program Files\Java\jdk1.8.0_311\jre\bin\msvcp140.dll
0x000000006d860000 - 0x000000006e0c0000 	C:\Program Files\Java\jdk1.8.0_311\jre\bin\server\jvm.dll
0x00007fffc6960000 - 0x00007fffc6968000 	C:\WINDOWS\System32\PSAPI.DLL
0x00007fffad4a0000 - 0x00007fffad4a9000 	C:\WINDOWS\SYSTEM32\WSOCK32.dll
0x00007fffc7520000 - 0x00007fffc758b000 	C:\WINDOWS\System32\WS2_32.dll
0x00007fffae710000 - 0x00007fffae737000 	C:\WINDOWS\SYSTEM32\WINMM.dll
0x00007fffbd790000 - 0x00007fffbd79a000 	C:\WINDOWS\SYSTEM32\VERSION.dll
0x00007fffc4840000 - 0x00007fffc4852000 	C:\WINDOWS\SYSTEM32\kernel.appcore.dll
0x00007fffc0980000 - 0x00007fffc0990000 	C:\Program Files\Java\jdk1.8.0_311\jre\bin\verify.dll
0x00007fffbd110000 - 0x00007fffbd13b000 	C:\Program Files\Java\jdk1.8.0_311\jre\bin\java.dll
0x00007fffbd0e0000 - 0x00007fffbd110000 	C:\Program Files\Java\jdk1.8.0_311\jre\bin\instrument.dll
0x00007fffbd750000 - 0x00007fffbd768000 	C:\Program Files\Java\jdk1.8.0_311\jre\bin\zip.dll
0x00007fffc3d70000 - 0x00007fffc3f54000 	C:\WINDOWS\SYSTEM32\dbghelp.dll
0x00007fffc6870000 - 0x00007fffc68f2000 	C:\WINDOWS\System32\bcryptPrimitives.dll

VM Arguments:
jvm_args: -javaagent:C:\Program Files\JetBrains\IntelliJ IDEA 2020.3.3\lib\idea_rt.jar=55521:C:\Program Files\JetBrains\IntelliJ IDEA 2020.3.3\bin -Dfile.encoding=UTF-8 
java_command: ru.Tyulenev.Hibernate.main.MainClass1
java_class_path (initial): C:\Program Files\Java\jdk1.8.0_311\jre\lib\charsets.jar;C:\Program Files\Java\jdk1.8.0_311\jre\lib\deploy.jar;C:\Program Files\Java\jdk1.8.0_311\jre\lib\ext\access-bridge-64.jar;C:\Program Files\Java\jdk1.8.0_311\jre\lib\ext\cldrdata.jar;C:\Program Files\Java\jdk1.8.0_311\jre\lib\ext\dnsns.jar;C:\Program Files\Java\jdk1.8.0_311\jre\lib\ext\jaccess.jar;C:\Program Files\Java\jdk1.8.0_311\jre\lib\ext\jfxrt.jar;C:\Program Files\Java\jdk1.8.0_311\jre\lib\ext\localedata.jar;C:\Program Files\Java\jdk1.8.0_311\jre\lib\ext\nashorn.jar;C:\Program Files\Java\jdk1.8.0_311\jre\lib\ext\sunec.jar;C:\Program Files\Java\jdk1.8.0_311\jre\lib\ext\sunjce_provider.jar;C:\Program Files\Java\jdk1.8.0_311\jre\lib\ext\sunmscapi.jar;C:\Program Files\Java\jdk1.8.0_311\jre\lib\ext\sunpkcs11.jar;C:\Program Files\Java\jdk1.8.0_311\jre\lib\ext\zipfs.jar;C:\Program Files\Java\jdk1.8.0_311\jre\lib\javaws.jar;C:\Program Files\Java\jdk1.8.0_311\jre\lib\jce.jar;C:\Program Files\Java\jdk1.8.0_311\jre\lib\jfr.jar;C:\Program Files\Java\jdk1.8.0_311\jre\lib\jfxswt.jar;C:\Program Files\Java\jdk1.8.0_311\jre\lib\jsse.jar;C:\Program Files\Java\jdk1.8.0_311\jre\lib\management-agent.jar;C:\Program Files\Java\jdk1.8.0_311\jre\lib\plugin.jar;C:\Program Files\Java\jdk1.8.0_311\jre\lib\resources.jar;C:\Program Files\Java\jdk1.8.0_311\jre\lib\rt.jar;C:\Users\a.tulenev\IdeaProjects\UdemyHibernateTest\target\classes;C:\Users\a.tulenev\IdeaProjects\UdemyHibernateTest\lib\classmate-1.5.1.jar;C:\Users\a.tulenev\IdeaProjects\UdemyHibernateTest\lib\dom4j-2.1.1.jar;C:\Users\a.tulenev\IdeaProjects\UdemyHibernateTest\lib\antlr-2.7.7.jar;C:\Users\a.tulenev\IdeaProjects\UdemyHibernateTest\lib\byte-buddy-1.10.7.jar;C:\Users\a.tulenev\IdeaProjects\UdemyHibernateTest\lib\istack-commons-runtime-3.0.7.jar;C:\Users\a.tulenev\IdeaProjects\UdemyHibernateTest\lib\hibernate-commons-annotations-5.1.0.Final.jar;C:\Users\a.tulenev\IdeaProjects\UdemyHibernateTest\lib\FastInfoset-1.2.15.jar;C:\Users\a.tulenev\Ide
Launcher Type: SUN_STANDARD

Environment Variables:
JRE_HOME=C:\Program Files\Java\jdk1.8.0_311\jre
PATH=C:\Program Files\Common Files\Oracle\Java\javapath;C:\ProgramData\Oracle\Java\javapath;C:\WINDOWS\system32;C:\WINDOWS;C:\WINDOWS\System32\Wbem;C:\WINDOWS\System32\WindowsPowerShell\v1.0\;C:\WINDOWS\System32\OpenSSH\;C:\opt\apache-maven-3.8.4%\bin;C:\Program Files\SafeNet\Authentication\SAC\x64;C:\Program Files\SafeNet\Authentication\SAC\x32;C:\Program Files\TortoiseSVN\bin;C:\Program Files\nodejs\;C:\Program Files\Git\cmd;C:\Users\v.alekseev\AppData\Roaming\npm;C:\Program Files\Microsoft SQL Server\Client SDK\ODBC\170\Tools\Binn\;C:\Program Files (x86)\Microsoft SQL Server\150\Tools\Binn\;C:\Program Files\Microsoft SQL Server\150\Tools\Binn\;C:\Program Files\Microsoft SQL Server\150\DTS\Binn\;C:\Program Files\Java\jdk-9.0.4;C:\Program Files\dotnet\;C:\Program Files\Java\jdk-17.0.1\bin;C:\src\flutter\bin;C:\Program Files\CMake\bin;C:\Program Files (x86)\dotnet\;C:\Program Files (x86)\Microsoft SQL Server\150\DTS\Binn\;C:\Program Files\Azure Data Studio\bin;C:\Users\a.tulenev\AppData\Local\Microsoft\WindowsApps;C:\opt\apache-maven-3.8.5\\bin;;C:\Program Files\Azure Data Studio\bin;C:\Program Files\JetBrains\IntelliJ IDEA 2020.3.3\bin;
USERNAME=a.tulenev
OS=Windows_NT
PROCESSOR_IDENTIFIER=Intel64 Family 6 Model 94 Stepping 3, GenuineIntel



---------------  S Y S T E M  ---------------

OS: Windows 10.0 , 64 bit Build 19041 (10.0.19041.1706)

CPU:total 4 (initial active 4) (4 cores per cpu, 1 threads per core) family 6 model 94 stepping 3, cmov, cx8, fxsr, mmx, sse, sse2, sse3, ssse3, sse4.1, sse4.2, popcnt, avx, avx2, aes, clmul, erms, rtm, 3dnowpref, lzcnt, tsc, tscinvbit, bmi1, bmi2, adx

Memory: 4k page, physical 16636488k(5052412k free), swap 16636488k(6152k free)

vm_info: Java HotSpot(TM) 64-Bit Server VM (25.311-b11) for windows-amd64 JRE (1.8.0_311-b11), built on Sep 27 2021 05:15:14 by "java_re" with MS VC++ 15.9 (VS2017)

time: Thu May 19 14:24:29 2022
timezone: RTZ 2 (зима)
elapsed time: 0.094423 seconds (0d 0h 0m 0s)

